<?xml version="1.0" encoding="UTF-8"?>
<!-- Generated by org.testng.reporters.JUnitXMLReporter -->
<testsuite hostname="ICPL13076" ignored="0" name="java Test" tests="1" failures="1" timestamp="30 Jul 2019 05:57:14 GMT" time="65.884" errors="0">
  <testcase name="userLogin" time="63.348" classname="com.android.tests.UserLoginTest">
    <failure type="org.openqa.selenium.TimeoutException" message="Expected condition failed: Wait time out for By.id: action_bar_burger_icon to be visible (tried for 3 second(s) with 1000 MILLISECONDS interval)
Build info: version: &amp;apos;3.14.0&amp;apos;, revision: &amp;apos;aacccce0&amp;apos;, time: &amp;apos;2018-08-02T20:19:58.91Z&amp;apos;
System info: host: &amp;apos;ICPL13076&amp;apos;, ip: &amp;apos;10.11.24.78&amp;apos;, os.name: &amp;apos;Windows 10&amp;apos;, os.arch: &amp;apos;amd64&amp;apos;, os.version: &amp;apos;10.0&amp;apos;, java.version: &amp;apos;1.8.0_201&amp;apos;
Driver info: driver.version: unknown">
      <![CDATA[org.openqa.selenium.TimeoutException: Expected condition failed: Wait time out for By.id: action_bar_burger_icon to be visible (tried for 3 second(s) with 1000 MILLISECONDS interval)
Build info: version: '3.14.0', revision: 'aacccce0', time: '2018-08-02T20:19:58.91Z'
System info: host: 'ICPL13076', ip: '10.11.24.78', os.name: 'Windows 10', os.arch: 'amd64', os.version: '10.0', java.version: '1.8.0_201'
Driver info: driver.version: unknown
	at org.openqa.selenium.support.ui.FluentWait.timeoutException(FluentWait.java:296)
	at org.openqa.selenium.support.ui.FluentWait.until(FluentWait.java:265)
	at com.qmetry.qaf.automation.ui.webdriver.QAFExtendedWebElement.waitForVisible(QAFExtendedWebElement.java:514)
	at com.android.pages.UserLoginPage.userLogin(UserLoginPage.java:64)
	at com.android.tests.UserLoginTest.userLogin(UserLoginTest.java:13)
... Removed 34 stack frames]]>
    </failure>
  </testcase> <!-- userLogin -->
</testsuite> <!-- java Test -->
