<?xml version="1.0" encoding="UTF-8"?>
<!-- Generated by org.testng.reporters.JUnitReportReporter -->
<testsuite name="com.android.tests.SampleProgramTest" tests="1" time="9.150" ignored="0" failures="0" timestamp="24 Jul 2019 07:36:12 GMT" skipped="0" hostname="ICPL13076" errors="1">
  <testcase name="sampletest" time="9.150" classname="com.android.tests.SampleProgramTest">
    <error type="java.lang.ClassCastException" message="com.qmetry.qaf.automation.ui.webdriver.QAFExtendedWebDriver cannot be cast to org.openqa.selenium.interactions.HasTouchScreen">
      <![CDATA[java.lang.ClassCastException: com.qmetry.qaf.automation.ui.webdriver.QAFExtendedWebDriver cannot be cast to org.openqa.selenium.interactions.HasTouchScreen
	at org.openqa.selenium.interactions.touch.TouchActions.<init>(TouchActions.java:38)
	at com.android.pages.UserLoginPage.sampletest(UserLoginPage.java:70)
	at com.android.tests.SampleProgramTest.sampletest(SampleProgramTest.java:13)
	at sun.reflect.NativeMethodAccessorImpl.invoke0(Native Method)
	at sun.reflect.NativeMethodAccessorImpl.invoke(NativeMethodAccessorImpl.java:62)
	at sun.reflect.DelegatingMethodAccessorImpl.invoke(DelegatingMethodAccessorImpl.java:43)
	at java.lang.reflect.Method.invoke(Method.java:498)
	at org.testng.internal.MethodInvocationHelper.invokeMethod(MethodInvocationHelper.java:104)
	at org.testng.internal.Invoker.invokeMethod(Invoker.java:645)
	at org.testng.internal.Invoker.invokeTestMethod(Invoker.java:851)
	at org.testng.internal.Invoker.invokeTestMethods(Invoker.java:1177)
	at org.testng.internal.TestMethodWorker.invokeTestMethods(TestMethodWorker.java:129)
	at org.testng.internal.TestMethodWorker.run(TestMethodWorker.java:112)
	at org.testng.TestRunner.privateRun(TestRunner.java:781)
	at org.testng.TestRunner.run(TestRunner.java:635)
	at org.testng.SuiteRunner.runTest(SuiteRunner.java:387)
	at org.testng.SuiteRunner.runSequentially(SuiteRunner.java:382)
	at org.testng.SuiteRunner.privateRun(SuiteRunner.java:340)
	at org.testng.SuiteRunner.run(SuiteRunner.java:289)
	at org.testng.SuiteRunnerWorker.runSuite(SuiteRunnerWorker.java:52)
	at org.testng.SuiteRunnerWorker.run(SuiteRunnerWorker.java:86)
	at org.testng.TestNG.runSuitesSequentially(TestNG.java:1293)
	at org.testng.TestNG.runSuitesLocally(TestNG.java:1218)
	at org.testng.TestNG.runSuites(TestNG.java:1133)
	at org.testng.TestNG.run(TestNG.java:1104)
	at org.testng.remote.AbstractRemoteTestNG.run(AbstractRemoteTestNG.java:115)
	at org.testng.remote.RemoteTestNG.initAndRun(RemoteTestNG.java:251)
	at org.testng.remote.RemoteTestNG.main(RemoteTestNG.java:77)
]]>
    </error>
  </testcase> <!-- sampletest -->
</testsuite> <!-- com.android.tests.SampleProgramTest -->
